#
# A fatal error has been detected by the Java Runtime Environment:
#
#  EXCEPTION_ACCESS_VIOLATION (0xc0000005) at pc=0x00000000044192b6, pid=45496, tid=0x00000000000090d4
#
# JRE version: Java(TM) SE Runtime Environment (8.0_181-b13) (build 1.8.0_181-b13)
# Java VM: Java HotSpot(TM) 64-Bit Server VM (25.181-b13 mixed mode windows-amd64 compressed oops)
# Problematic frame:
# J 18203 C2 io.netty.util.concurrent.DefaultPromise.notifyListenersNow()V (116 bytes) @ 0x00000000044192b6 [0x0000000004419140+0x176]
#
# Failed to write core dump. Minidumps are not enabled by default on client versions of Windows
#
# If you would like to submit a bug report, please visit:
#   http://bugreport.java.com/bugreport/crash.jsp
#

---------------  T H R E A D  ---------------

Current thread (0x000000001dd49800):  JavaThread "Netty Server IO #6" daemon [_thread_in_Java, id=37076, stack(0x000000002f650000,0x000000002f750000)]

siginfo: ExceptionCode=0xc0000005, reading address 0x0000000000000208

Registers:
RAX=0x000000001dd49805, RBX=0x0000000000000001, RCX=0x0000000087999108, RDX=0x00000000f0440b30
RSP=0x000000002f74edd0, RBP=0x0000000000000000, RSI=0x00000000879990b8, RDI=0x0000000087998d50
R8 =0x0000000000000000, R9 =0x00000000879990a0, R10=0x0000000000000005, R11=0x00000000f0440b30
R12=0x0000000000000000, R13=0x0000000000000200, R14=0x00000000aaedf658, R15=0x000000001dd49800
RIP=0x00000000044192b6, EFLAGS=0x0000000000010246

Top of Stack: (sp=0x000000002f74edd0)
0x000000002f74edd0:   0000000000000002 0000000004bfe3d4
0x000000002f74ede0:   00000000aaedfbc0 00000000aaedfb78
0x000000002f74edf0:   00000000f0440b30 000000010067bf20
0x000000002f74ee00:   00000000aaedfc08 00000000879a1118
0x000000002f74ee10:   00000000f0440b30 00000000ab00ad50
0x000000002f74ee20:   0000000000000002 0000000004bfe3d4
0x000000002f74ee30:   0000000000000000 0000000004bf007c
0x000000002f74ee40:   0000000087998d50 0000000003c57234
0x000000002f74ee50:   00000000aaedfd40 00000000aaedfc50
0x000000002f74ee60:   00000000f0440b30 00000000f0440b30
0x000000002f74ee70:   0000000000000002 0000000004bfe3d4
0x000000002f74ee80:   00000000aaedfc50 00000000aaedfc08
0x000000002f74ee90:   0000000083b65558 0000000095c5e218
0x000000002f74eea0:   00000000f0440b30 0000000004d43754
0x000000002f74eeb0:   0000000087998d50 0000000000000000
0x000000002f74eec0:   00000000200cd0d6 00000000046b1158 

Instructions: (pc=0x00000000044192b6)
0x0000000004419296:   c6 42 0e 01 45 89 62 18 41 ba 07 00 00 00 4c 8b
0x00000000044192a6:   5c 24 40 4d 23 13 49 83 fa 05 0f 85 86 02 00 00
0x00000000044192b6:   45 8b 5d 08 41 81 fb 70 00 0d 20 0f 85 4d 01 00
0x00000000044192c6:   00 bd 01 00 00 00 41 81 fb 70 00 0d 20 0f 84 84 


Register to memory mapping:

RAX=0x000000001dd49805 is an unknown value
RBX=0x0000000000000001 is an unknown value
RCX=0x0000000087999108 is an oop
java.lang.ThreadLocal$ThreadLocalMap$Entry 
 - klass: 'java/lang/ThreadLocal$ThreadLocalMap$Entry'
RDX=0x00000000f0440b30 is an oop
io.netty.channel.DefaultChannelPromise 
 - klass: 'io/netty/channel/DefaultChannelPromise'
RSP=0x000000002f74edd0 is pointing into the stack for thread: 0x000000001dd49800
RBP=0x0000000000000000 is an unknown value
RSI=0x00000000879990b8 is an oop
[Ljava.lang.ThreadLocal$ThreadLocalMap$Entry; 
 - klass: 'java/lang/ThreadLocal$ThreadLocalMap$Entry'[]
 - length: 16
RDI=0x0000000087998d50 is an oop
io.netty.util.internal.InternalThreadLocalMap 
 - klass: 'io/netty/util/internal/InternalThreadLocalMap'
R8 =0x0000000000000000 is an unknown value
R9 =0x00000000879990a0 is an oop
java.lang.ThreadLocal$ThreadLocalMap 
 - klass: 'java/lang/ThreadLocal$ThreadLocalMap'
R10=0x0000000000000005 is an unknown value
R11=0x00000000f0440b30 is an oop
io.netty.channel.DefaultChannelPromise 
 - klass: 'io/netty/channel/DefaultChannelPromise'
R12=0x0000000000000000 is an unknown value
R13=0x0000000000000200 is an unknown value
R14=0x00000000aaedf658 is an oop
io.netty.channel.ChannelOutboundBuffer 
 - klass: 'io/netty/channel/ChannelOutboundBuffer'
R15=0x000000001dd49800 is a thread


Stack: [0x000000002f650000,0x000000002f750000],  sp=0x000000002f74edd0,  free space=1019k
Native frames: (J=compiled Java code, j=interpreted, Vv=VM code, C=native code)


---------------  P R O C E S S  ---------------

Java Threads: ( => current thread )
  0x000000001dd4f000 JavaThread "WorldGen-Scheduler-1" [_thread_blocked, id=53896, stack(0x0000000042010000,0x0000000042110000)]
  0x000000001dd4f800 JavaThread "Netty Server IO #15" daemon [_thread_in_native, id=32536, stack(0x000000003b5f0000,0x000000003b6f0000)]
  0x000000001dd48000 JavaThread "Netty Server IO #14" daemon [_thread_in_native, id=37236, stack(0x0000000039ee0000,0x0000000039fe0000)]
  0x000000001dd4e000 JavaThread "Netty Server IO #13" daemon [_thread_in_native, id=33108, stack(0x0000000038dd0000,0x0000000038ed0000)]
  0x000000001dd46000 JavaThread "Netty Server IO #12" daemon [_thread_in_native, id=35956, stack(0x00000000379c0000,0x0000000037ac0000)]
  0x000000001dd4c800 JavaThread "Netty Server IO #11" daemon [_thread_in_native, id=31448, stack(0x00000000368b0000,0x00000000369b0000)]
  0x000000001dd4a800 JavaThread "Netty Server IO #10" daemon [_thread_in_native, id=42784, stack(0x00000000352a0000,0x00000000353a0000)]
  0x000000001dd49000 JavaThread "Netty Server IO #9" daemon [_thread_in_native, id=35448, stack(0x0000000033690000,0x0000000033790000)]
  0x000000001dd44800 JavaThread "Netty Server IO #8" daemon [_thread_in_native, id=30404, stack(0x0000000031b80000,0x0000000031c80000)]
  0x000000001dd4b000 JavaThread "Netty Server IO #7" daemon [_thread_in_native, id=46012, stack(0x0000000030a70000,0x0000000030b70000)]
=>0x000000001dd49800 JavaThread "Netty Server IO #6" daemon [_thread_in_Java, id=37076, stack(0x000000002f650000,0x000000002f750000)]
  0x000000001dd46800 JavaThread "Netty Server IO #5" daemon [_thread_in_native, id=38124, stack(0x000000002e540000,0x000000002e640000)]
  0x000000001dd45000 JavaThread "Netty Server IO #4" daemon [_thread_in_native, id=43076, stack(0x000000002d430000,0x000000002d530000)]
  0x000000001d5fa800 JavaThread "Netty Server IO #3" daemon [_thread_in_native, id=46036, stack(0x000000002bb20000,0x000000002bc20000)]
  0x000000001d5f7800 JavaThread "Netty Server IO #2" daemon [_thread_in_native, id=45740, stack(0x000000002aa10000,0x000000002ab10000)]
  0x000000001d5fb000 JavaThread "Netty Server IO #1" daemon [_thread_in_native, id=33756, stack(0x0000000029900000,0x0000000029a00000)]
  0x000000001d5f9800 JavaThread "File IO Thread" [_thread_blocked, id=45712, stack(0x0000000028260000,0x0000000028360000)]
  0x000000001d5fc000 JavaThread "Server Watchdog" daemon [_thread_blocked, id=40792, stack(0x0000000027f60000,0x0000000028060000)]
  0x000000001d5f6800 JavaThread "Netty Server IO #0" daemon [_thread_in_native, id=42424, stack(0x0000000026d40000,0x0000000026e40000)]
  0x000000001d5f6000 JavaThread "ObjectCleanerThread" daemon [_thread_blocked, id=37940, stack(0x0000000026c40000,0x0000000026d40000)]
  0x000000001d5f9000 JavaThread "D3D Screen Updater" daemon [_thread_blocked, id=32588, stack(0x0000000025b80000,0x0000000025c80000)]
  0x000000001c57c000 JavaThread "Server console handler" daemon [_thread_in_native, id=39008, stack(0x0000000025880000,0x0000000025980000)]
  0x0000000002f4e000 JavaThread "DestroyJavaVM" [_thread_blocked, id=29904, stack(0x0000000002f50000,0x0000000003050000)]
  0x000000001af79000 JavaThread "Server thread" [_thread_blocked, id=34044, stack(0x0000000025780000,0x0000000025880000)]
  0x000000001c8bd800 JavaThread "Thread-3" daemon [_thread_blocked, id=45168, stack(0x0000000025680000,0x0000000025780000)]
  0x0000000020a3c800 JavaThread "TimerQueue" daemon [_thread_blocked, id=28864, stack(0x0000000023600000,0x0000000023700000)]
  0x000000001daf1800 JavaThread "AWT-EventQueue-0" [_thread_blocked, id=39260, stack(0x0000000023130000,0x0000000023230000)]
  0x000000001de54800 JavaThread "AWT-Windows" daemon [_thread_in_native, id=22636, stack(0x0000000023030000,0x0000000023130000)]
  0x00000000207bd800 JavaThread "AWT-Shutdown" [_thread_blocked, id=42224, stack(0x0000000022f30000,0x0000000023030000)]
  0x000000001d686800 JavaThread "Java2D Disposer" daemon [_thread_blocked, id=40220, stack(0x0000000022e30000,0x0000000022f30000)]
  0x00000000206b7800 JavaThread "Server Infinisleeper" daemon [_thread_blocked, id=45352, stack(0x00000000214f0000,0x00000000215f0000)]
  0x000000001f04d000 JavaThread "Snooper Timer" daemon [_thread_blocked, id=46024, stack(0x000000001fa70000,0x000000001fb70000)]
  0x000000001a143000 JavaThread "Service Thread" daemon [_thread_blocked, id=46052, stack(0x000000001ac70000,0x000000001ad70000)]
  0x000000001a0b9000 JavaThread "C1 CompilerThread3" daemon [_thread_blocked, id=45768, stack(0x000000001ab70000,0x000000001ac70000)]
  0x000000001a0b2800 JavaThread "C2 CompilerThread2" daemon [_thread_blocked, id=45236, stack(0x000000001aa70000,0x000000001ab70000)]
  0x000000001a0b2000 JavaThread "C2 CompilerThread1" daemon [_thread_blocked, id=10628, stack(0x000000001a970000,0x000000001aa70000)]
  0x000000001a0ad000 JavaThread "C2 CompilerThread0" daemon [_thread_blocked, id=45616, stack(0x000000001a870000,0x000000001a970000)]
  0x000000001a0a8800 JavaThread "Attach Listener" daemon [_thread_blocked, id=31692, stack(0x000000001a770000,0x000000001a870000)]
  0x000000001a0a7800 JavaThread "Signal Dispatcher" daemon [_thread_blocked, id=37276, stack(0x000000001a670000,0x000000001a770000)]
  0x0000000003149000 JavaThread "Finalizer" daemon [_thread_blocked, id=45484, stack(0x000000001a480000,0x000000001a580000)]
  0x0000000003146000 JavaThread "Reference Handler" daemon [_thread_blocked, id=41884, stack(0x0000000019f80000,0x000000001a080000)]

Other Threads:
  0x00000000181b9000 VMThread [stack: 0x0000000019e80000,0x0000000019f80000] [id=45908]
  0x000000001a175800 WatcherThread [stack: 0x000000001ad70000,0x000000001ae70000] [id=42768]

VM state:not at safepoint (normal execution)

VM Mutex/Monitor currently owned by a thread: None

Heap:
 PSYoungGen      total 674816K, used 458037K [0x00000000d5580000, 0x0000000100000000, 0x0000000100000000)
  eden space 650752K, 67% used [0x00000000d5580000,0x00000000f044c050,0x00000000fd100000)
  from space 24064K, 70% used [0x00000000fe880000,0x00000000ff9016a8,0x0000000100000000)
  to   space 24064K, 0% used [0x00000000fd100000,0x00000000fd100000,0x00000000fe880000)
 ParOldGen       total 1398272K, used 796271K [0x0000000080000000, 0x00000000d5580000, 0x00000000d5580000)
  object space 1398272K, 56% used [0x0000000080000000,0x00000000b099bec8,0x00000000d5580000)
 Metaspace       used 59859K, capacity 63516K, committed 63744K, reserved 1103872K
  class space    used 7786K, capacity 8664K, committed 8704K, reserved 1048576K

Card table byte_map: [0x0000000012510000,0x0000000012920000] byte_map_base: 0x0000000012110000

Marking Bits: (ParMarkBitMap*) 0x00000000676b2d00
 Begin Bits: [0x00000000133d0000, 0x00000000153d0000)
 End Bits:   [0x00000000153d0000, 0x00000000173d0000)

Polling page: 0x0000000000f40000

CodeCache: size=245760Kb used=52899Kb max_used=53701Kb free=192860Kb
 bounds [0x0000000003150000, 0x0000000006640000, 0x0000000012150000]
 total_blobs=14994 nmethods=14104 adapters=796
 compilation: enabled

Compilation events (10 events):
Event: 182111.866 Thread 0x000000001a0b9000 22427       1       aeo::bL (2 bytes)
Event: 182111.866 Thread 0x000000001a0b9000 nmethod 22427 0x0000000003f91e50 code [0x0000000003f91fa0, 0x0000000003f920b0]
Event: 182127.820 Thread 0x000000001a0b9000 22428       3       kq::<init> (135 bytes)
Event: 182127.822 Thread 0x000000001a0b9000 nmethod 22428 0x00000000032a8ad0 code [0x00000000032a8ce0, 0x00000000032a9898]
Event: 182142.159 Thread 0x000000001a0b9000 22429       3       bhq::a (235 bytes)
Event: 182142.162 Thread 0x000000001a0b9000 nmethod 22429 0x0000000004e3cc10 code [0x0000000004e3d100, 0x0000000004e406d8]
Event: 182153.559 Thread 0x000000001a0b9000 22430       1       bep::a (2 bytes)
Event: 182153.559 Thread 0x000000001a0b9000 nmethod 22430 0x0000000004e3c950 code [0x0000000004e3caa0, 0x0000000004e3cbb0]
Event: 182199.927 Thread 0x000000001a0ad000 22431       4       io.netty.util.concurrent.DefaultPromise::setValue0 (34 bytes)
Event: 182199.929 Thread 0x000000001a0ad000 nmethod 22431 0x00000000047cdb90 code [0x00000000047cdce0, 0x00000000047cdf58]

GC Heap History (10 events):
Event: 182190.021 GC heap before
{Heap before GC invocations=4137 (full 7):
 PSYoungGen      total 672256K, used 662815K [0x00000000d5580000, 0x0000000100000000, 0x0000000100000000)
  eden space 645632K, 100% used [0x00000000d5580000,0x00000000fcc00000,0x00000000fcc00000)
  from space 26624K, 64% used [0x00000000fcc00000,0x00000000fdcc7c80,0x00000000fe600000)
  to   space 26112K, 0% used [0x00000000fe680000,0x00000000fe680000,0x0000000100000000)
 ParOldGen       total 1398272K, used 792607K [0x0000000080000000, 0x00000000d5580000, 0x00000000d5580000)
  object space 1398272K, 56% used [0x0000000080000000,0x00000000b0607ec8,0x00000000d5580000)
 Metaspace       used 59859K, capacity 63516K, committed 63744K, reserved 1103872K
  class space    used 7786K, capacity 8664K, committed 8704K, reserved 1048576K
Event: 182190.030 GC heap after
Heap after GC invocations=4137 (full 7):
 PSYoungGen      total 673280K, used 18310K [0x00000000d5580000, 0x0000000100000000, 0x0000000100000000)
  eden space 647168K, 0% used [0x00000000d5580000,0x00000000d5580000,0x00000000fcd80000)
  from space 26112K, 70% used [0x00000000fe680000,0x00000000ff861930,0x0000000100000000)
  to   space 25600K, 0% used [0x00000000fcd80000,0x00000000fcd80000,0x00000000fe680000)
 ParOldGen       total 1398272K, used 794463K [0x0000000080000000, 0x00000000d5580000, 0x00000000d5580000)
  object space 1398272K, 56% used [0x0000000080000000,0x00000000b07d7ec8,0x00000000d5580000)
 Metaspace       used 59859K, capacity 63516K, committed 63744K, reserved 1103872K
  class space    used 7786K, capacity 8664K, committed 8704K, reserved 1048576K
}
Event: 182206.420 GC heap before
{Heap before GC invocations=4138 (full 7):
 PSYoungGen      total 673280K, used 665478K [0x00000000d5580000, 0x0000000100000000, 0x0000000100000000)
  eden space 647168K, 100% used [0x00000000d5580000,0x00000000fcd80000,0x00000000fcd80000)
  from space 26112K, 70% used [0x00000000fe680000,0x00000000ff861930,0x0000000100000000)
  to   space 25600K, 0% used [0x00000000fcd80000,0x00000000fcd80000,0x00000000fe680000)
 ParOldGen       total 1398272K, used 794463K [0x0000000080000000, 0x00000000d5580000, 0x00000000d5580000)
  object space 1398272K, 56% used [0x0000000080000000,0x00000000b07d7ec8,0x00000000d5580000)
 Metaspace       used 59859K, capacity 63516K, committed 63744K, reserved 1103872K
  class space    used 7786K, capacity 8664K, committed 8704K, reserved 1048576K
Event: 182206.428 GC heap after
Heap after GC invocations=4138 (full 7):
 PSYoungGen      total 672768K, used 17414K [0x00000000d5580000, 0x0000000100000000, 0x0000000100000000)
  eden space 647168K, 0% used [0x00000000d5580000,0x00000000d5580000,0x00000000fcd80000)
  from space 25600K, 68% used [0x00000000fcd80000,0x00000000fde81930,0x00000000fe680000)
  to   space 25088K, 0% used [0x00000000fe780000,0x00000000fe780000,0x0000000100000000)
 ParOldGen       total 1398272K, used 794791K [0x0000000080000000, 0x00000000d5580000, 0x00000000d5580000)
  object space 1398272K, 56% used [0x0000000080000000,0x00000000b0829ec8,0x00000000d5580000)
 Metaspace       used 59859K, capacity 63516K, committed 63744K, reserved 1103872K
  class space    used 7786K, capacity 8664K, committed 8704K, reserved 1048576K
}
Event: 182221.212 GC heap before
{Heap before GC invocations=4139 (full 7):
 PSYoungGen      total 672768K, used 664582K [0x00000000d5580000, 0x0000000100000000, 0x0000000100000000)
  eden space 647168K, 100% used [0x00000000d5580000,0x00000000fcd80000,0x00000000fcd80000)
  from space 25600K, 68% used [0x00000000fcd80000,0x00000000fde81930,0x00000000fe680000)
  to   space 25088K, 0% used [0x00000000fe780000,0x00000000fe780000,0x0000000100000000)
 ParOldGen       total 1398272K, used 794791K [0x0000000080000000, 0x00000000d5580000, 0x00000000d5580000)
  object space 1398272K, 56% used [0x0000000080000000,0x00000000b0829ec8,0x00000000d5580000)
 Metaspace       used 59859K, capacity 63516K, committed 63744K, reserved 1103872K
  class space    used 7786K, capacity 8664K, committed 8704K, reserved 1048576K
Event: 182221.221 GC heap after
Heap after GC invocations=4139 (full 7):
 PSYoungGen      total 674304K, used 18726K [0x00000000d5580000, 0x0000000100000000, 0x0000000100000000)
  eden space 649216K, 0% used [0x00000000d5580000,0x00000000d5580000,0x00000000fcf80000)
  from space 25088K, 74% used [0x00000000fe780000,0x00000000ff9c98b8,0x0000000100000000)
  to   space 24576K, 0% used [0x00000000fcf80000,0x00000000fcf80000,0x00000000fe780000)
 ParOldGen       total 1398272K, used 794903K [0x0000000080000000, 0x00000000d5580000, 0x00000000d5580000)
  object space 1398272K, 56% used [0x0000000080000000,0x00000000b0845ec8,0x00000000d5580000)
 Metaspace       used 59859K, capacity 63516K, committed 63744K, reserved 1103872K
  class space    used 7786K, capacity 8664K, committed 8704K, reserved 1048576K
}
Event: 182234.359 GC heap before
{Heap before GC invocations=4140 (full 7):
 PSYoungGen      total 674304K, used 667942K [0x00000000d5580000, 0x0000000100000000, 0x0000000100000000)
  eden space 649216K, 100% used [0x00000000d5580000,0x00000000fcf80000,0x00000000fcf80000)
  from space 25088K, 74% used [0x00000000fe780000,0x00000000ff9c98b8,0x0000000100000000)
  to   space 24576K, 0% used [0x00000000fcf80000,0x00000000fcf80000,0x00000000fe780000)
 ParOldGen       total 1398272K, used 794903K [0x0000000080000000, 0x00000000d5580000, 0x00000000d5580000)
  object space 1398272K, 56% used [0x0000000080000000,0x00000000b0845ec8,0x00000000d5580000)
 Metaspace       used 59859K, capacity 63516K, committed 63744K, reserved 1103872K
  class space    used 7786K, capacity 8664K, committed 8704K, reserved 1048576K
Event: 182234.368 GC heap after
Heap after GC invocations=4140 (full 7):
 PSYoungGen      total 673792K, used 17989K [0x00000000d5580000, 0x0000000100000000, 0x0000000100000000)
  eden space 649216K, 0% used [0x00000000d5580000,0x00000000d5580000,0x00000000fcf80000)
  from space 24576K, 73% used [0x00000000fcf80000,0x00000000fe1116a8,0x00000000fe780000)
  to   space 24064K, 0% used [0x00000000fe880000,0x00000000fe880000,0x0000000100000000)
 ParOldGen       total 1398272K, used 795199K [0x0000000080000000, 0x00000000d5580000, 0x00000000d5580000)
  object space 1398272K, 56% used [0x0000000080000000,0x00000000b088fec8,0x00000000d5580000)
 Metaspace       used 59859K, capacity 63516K, committed 63744K, reserved 1103872K
  class space    used 7786K, capacity 8664K, committed 8704K, reserved 1048576K
}
Event: 182247.819 GC heap before
{Heap before GC invocations=4141 (full 7):
 PSYoungGen      total 673792K, used 667205K [0x00000000d5580000, 0x0000000100000000, 0x0000000100000000)
  eden space 649216K, 100% used [0x00000000d5580000,0x00000000fcf80000,0x00000000fcf80000)
  from space 24576K, 73% used [0x00000000fcf80000,0x00000000fe1116a8,0x00000000fe780000)
  to   space 24064K, 0% used [0x00000000fe880000,0x00000000fe880000,0x0000000100000000)
 ParOldGen       total 1398272K, used 795199K [0x0000000080000000, 0x00000000d5580000, 0x00000000d5580000)
  object space 1398272K, 56% used [0x0000000080000000,0x00000000b088fec8,0x00000000d5580000)
 Metaspace       used 59859K, capacity 63516K, committed 63744K, reserved 1103872K
  class space    used 7786K, capacity 8664K, committed 8704K, reserved 1048576K
Event: 182247.828 GC heap after
Heap after GC invocations=4141 (full 7):
 PSYoungGen      total 674816K, used 16901K [0x00000000d5580000, 0x0000000100000000, 0x0000000100000000)
  eden space 650752K, 0% used [0x00000000d5580000,0x00000000d5580000,0x00000000fd100000)
  from space 24064K, 70% used [0x00000000fe880000,0x00000000ff9016a8,0x0000000100000000)
  to   space 24064K, 0% used [0x00000000fd100000,0x00000000fd100000,0x00000000fe880000)
 ParOldGen       total 1398272K, used 796271K [0x0000000080000000, 0x00000000d5580000, 0x00000000d5580000)
  object space 1398272K, 56% used [0x0000000080000000,0x00000000b099bec8,0x00000000d5580000)
 Metaspace       used 59859K, capacity 63516K, committed 63744K, reserved 1103872K
  class space    used 7786K, capacity 8664K, committed 8704K, reserved 1048576K
}

Deoptimization events (10 events):
Event: 160094.293 Thread 0x000000001dd4f000 Uncommon trap: reason=unstable_if action=reinterpret pc=0x000000000505a8c8 method=it.unimi.dsi.fastutil.longs.Long2LongLinkedOpenHashMap$MapIterator.remove()V @ 241
Event: 160125.533 Thread 0x000000001af79000 Uncommon trap: reason=unstable_if action=reinterpret pc=0x00000000047767d8 method=cat.b(III)I @ 24
Event: 160125.533 Thread 0x000000001af79000 Uncommon trap: reason=unstable_if action=reinterpret pc=0x0000000004b80524 method=cat.b(III)I @ 24
Event: 160270.207 Thread 0x000000001af79000 Uncommon trap: reason=class_check action=maybe_recompile pc=0x00000000056ac128 method=io.netty.buffer.AbstractByteBuf.ensureWritable0(I)V @ 88
Event: 160768.157 Thread 0x000000001af79000 Uncommon trap: reason=unstable_if action=reinterpret pc=0x00000000059f9fb0 method=ub.a(Lmu;)V @ 942
Event: 160770.161 Thread 0x000000001af79000 Uncommon trap: reason=speculate_class_check action=maybe_recompile pc=0x00000000055f576c method=apf.R_()V @ 607
Event: 160770.210 Thread 0x000000001af79000 Uncommon trap: reason=speculate_class_check action=maybe_recompile pc=0x00000000055f576c method=apf.R_()V @ 607
Event: 160770.260 Thread 0x000000001af79000 Uncommon trap: reason=speculate_class_check action=maybe_recompile pc=0x00000000055f576c method=apf.R_()V @ 607
Event: 161373.978 Thread 0x000000001dd46000 Uncommon trap: reason=unstable_if action=reinterpret pc=0x000000000492af40 method=java.util.concurrent.atomic.AtomicBoolean.getAndSet(Z)Z @ 11
Event: 161734.607 Thread 0x000000001af79000 Uncommon trap: reason=class_check action=maybe_recompile pc=0x0000000004690908 method=apr.a(Lata;IIZ)Z @ 61

Classes redefined (0 events):
No events

Internal exceptions (10 events):
Event: 151558.082 Thread 0x000000001d5f7800 Exception <a 'java/io/IOException'> (0x00000000e817aad8) thrown at [C:\re\workspace\8-2-build-windows-amd64-cygwin\jdk8u181\11358\hotspot\src\share\vm\prims\jni.cpp, line 709]
Event: 151558.082 Thread 0x000000001d5f7800 Exception <a 'java/io/IOException'> (0x00000000e817c060) thrown at [C:\re\workspace\8-2-build-windows-amd64-cygwin\jdk8u181\11358\hotspot\src\share\vm\prims\jni.cpp, line 709]
Event: 153092.114 Thread 0x000000001dd44800 Exception <a 'java/io/IOException'> (0x00000000f49cae88) thrown at [C:\re\workspace\8-2-build-windows-amd64-cygwin\jdk8u181\11358\hotspot\src\share\vm\prims\jni.cpp, line 709]
Event: 153092.114 Thread 0x000000001dd44800 Exception <a 'java/io/IOException'> (0x00000000f49cc410) thrown at [C:\re\workspace\8-2-build-windows-amd64-cygwin\jdk8u181\11358\hotspot\src\share\vm\prims\jni.cpp, line 709]
Event: 153608.390 Thread 0x000000001dd50800 Implicit null exception at 0x0000000005bbc834 to 0x0000000005bbdfe1
Event: 153608.390 Thread 0x000000001dd50800 Implicit null exception at 0x00000000058ed820 to 0x00000000058eeed9
Event: 155158.919 Thread 0x000000001dd48000 Exception <a 'java/io/IOException'> (0x00000000e20d6818) thrown at [C:\re\workspace\8-2-build-windows-amd64-cygwin\jdk8u181\11358\hotspot\src\share\vm\prims\jni.cpp, line 709]
Event: 155158.919 Thread 0x000000001dd48000 Exception <a 'java/io/IOException'> (0x00000000e20d7da0) thrown at [C:\re\workspace\8-2-build-windows-amd64-cygwin\jdk8u181\11358\hotspot\src\share\vm\prims\jni.cpp, line 709]
Event: 157750.912 Thread 0x000000001af79000 Implicit null exception at 0x0000000005ac32a5 to 0x0000000005ac4b8f
Event: 182256.872 Thread 0x000000001dd49800 Implicit null exception at 0x00000000044192b6 to 0x0000000000000000

Events (10 events):
Event: 182190.021 Executing VM operation: ParallelGCFailedAllocation
Event: 182190.030 Executing VM operation: ParallelGCFailedAllocation done
Event: 182206.420 Executing VM operation: ParallelGCFailedAllocation
Event: 182206.429 Executing VM operation: ParallelGCFailedAllocation done
Event: 182221.212 Executing VM operation: ParallelGCFailedAllocation
Event: 182221.221 Executing VM operation: ParallelGCFailedAllocation done
Event: 182234.359 Executing VM operation: ParallelGCFailedAllocation
Event: 182234.368 Executing VM operation: ParallelGCFailedAllocation done
Event: 182247.819 Executing VM operation: ParallelGCFailedAllocation
Event: 182247.828 Executing VM operation: ParallelGCFailedAllocation done


Dynamic libraries:
0x00007ff6ccbb0000 - 0x00007ff6ccbe7000 	C:\Program Files (x86)\Common Files\Oracle\Java\javapath\java.exe
0x00007ffe47660000 - 0x00007ffe47841000 	C:\WINDOWS\SYSTEM32\ntdll.dll
0x00007ffe44b00000 - 0x00007ffe44bb2000 	C:\WINDOWS\System32\KERNEL32.DLL
0x00007ffe43a30000 - 0x00007ffe43ca3000 	C:\WINDOWS\System32\KERNELBASE.dll
0x00007ffe46d50000 - 0x00007ffe46df1000 	C:\WINDOWS\System32\ADVAPI32.dll
0x00007ffe470d0000 - 0x00007ffe4716e000 	C:\WINDOWS\System32\msvcrt.dll
0x00007ffe475c0000 - 0x00007ffe4761b000 	C:\WINDOWS\System32\sechost.dll
0x00007ffe44bc0000 - 0x00007ffe44ce4000 	C:\WINDOWS\System32\RPCRT4.dll
0x00007ffe462a0000 - 0x00007ffe46430000 	C:\WINDOWS\System32\USER32.dll
0x00007ffe43d30000 - 0x00007ffe43d50000 	C:\WINDOWS\System32\win32u.dll
0x00007ffe47240000 - 0x00007ffe47268000 	C:\WINDOWS\System32\GDI32.dll
0x00007ffe44950000 - 0x00007ffe44ae2000 	C:\WINDOWS\System32\gdi32full.dll
0x00007ffe447b0000 - 0x00007ffe4484f000 	C:\WINDOWS\System32\msvcp_win.dll
0x00007ffe44850000 - 0x00007ffe4494a000 	C:\WINDOWS\System32\ucrtbase.dll
0x00007ffe33310000 - 0x00007ffe33579000 	C:\WINDOWS\WinSxS\amd64_microsoft.windows.common-controls_6595b64144ccf1df_6.0.17134.165_none_fb429645306569ac\COMCTL32.dll
0x00007ffe46a20000 - 0x00007ffe46d43000 	C:\WINDOWS\System32\combase.dll
0x00007ffe43cb0000 - 0x00007ffe43d2a000 	C:\WINDOWS\System32\bcryptPrimitives.dll
0x00007ffe47170000 - 0x00007ffe4719d000 	C:\WINDOWS\System32\IMM32.DLL
0x0000000068290000 - 0x0000000068362000 	C:\Program Files\Java\jre1.8.0_181\bin\msvcr100.dll
0x0000000066e90000 - 0x0000000067732000 	C:\Program Files\Java\jre1.8.0_181\bin\server\jvm.dll
0x00007ffe47620000 - 0x00007ffe47628000 	C:\WINDOWS\System32\PSAPI.DLL
0x00007ffe3b6b0000 - 0x00007ffe3b6ba000 	C:\WINDOWS\SYSTEM32\VERSION.dll
0x00007ffe415f0000 - 0x00007ffe41613000 	C:\WINDOWS\SYSTEM32\WINMM.dll
0x00007ffe38010000 - 0x00007ffe38019000 	C:\WINDOWS\SYSTEM32\WSOCK32.dll
0x00007ffe47060000 - 0x00007ffe470cc000 	C:\WINDOWS\System32\WS2_32.dll
0x00007ffe412b0000 - 0x00007ffe412da000 	C:\WINDOWS\SYSTEM32\winmmbase.dll
0x00007ffe43e60000 - 0x00007ffe43ea9000 	C:\WINDOWS\System32\cfgmgr32.dll
0x00000000686c0000 - 0x00000000686cf000 	C:\Program Files\Java\jre1.8.0_181\bin\verify.dll
0x0000000068260000 - 0x0000000068289000 	C:\Program Files\Java\jre1.8.0_181\bin\java.dll
0x0000000068240000 - 0x0000000068256000 	C:\Program Files\Java\jre1.8.0_181\bin\zip.dll
0x00007ffe44cf0000 - 0x00007ffe46130000 	C:\WINDOWS\System32\SHELL32.dll
0x00007ffe46ed0000 - 0x00007ffe46f79000 	C:\WINDOWS\System32\shcore.dll
0x00007ffe43eb0000 - 0x00007ffe445bd000 	C:\WINDOWS\System32\windows.storage.dll
0x00007ffe47560000 - 0x00007ffe475b1000 	C:\WINDOWS\System32\shlwapi.dll
0x00007ffe43980000 - 0x00007ffe43991000 	C:\WINDOWS\System32\kernel.appcore.dll
0x00007ffe43a10000 - 0x00007ffe43a2f000 	C:\WINDOWS\System32\profapi.dll
0x00007ffe439a0000 - 0x00007ffe439ec000 	C:\WINDOWS\System32\powrprof.dll
0x00007ffe43970000 - 0x00007ffe4397a000 	C:\WINDOWS\System32\FLTLIB.DLL
0x0000000068230000 - 0x000000006823d000 	C:\Program Files\Java\jre1.8.0_181\bin\management.dll
0x0000000068210000 - 0x000000006822a000 	C:\Program Files\Java\jre1.8.0_181\bin\net.dll
0x00007ffe43140000 - 0x00007ffe431a6000 	C:\WINDOWS\system32\mswsock.dll
0x00007ffe23710000 - 0x00007ffe23726000 	C:\WINDOWS\system32\napinsp.dll
0x00007ffe236f0000 - 0x00007ffe2370a000 	C:\WINDOWS\system32\pnrpnsp.dll
0x00007ffe40340000 - 0x00007ffe40359000 	C:\WINDOWS\system32\NLAapi.dll
0x00007ffe42f10000 - 0x00007ffe42fce000 	C:\WINDOWS\SYSTEM32\DNSAPI.dll
0x00007ffe46130000 - 0x00007ffe46138000 	C:\WINDOWS\System32\NSI.dll
0x00007ffe42ed0000 - 0x00007ffe42f08000 	C:\WINDOWS\SYSTEM32\IPHLPAPI.DLL
0x00007ffe31660000 - 0x00007ffe3166e000 	C:\WINDOWS\System32\winrnr.dll
0x00007ffe3d760000 - 0x00007ffe3d76a000 	C:\Windows\System32\rasadhlp.dll
0x00007ffe3f840000 - 0x00007ffe3f8b2000 	C:\WINDOWS\System32\fwpuclnt.dll
0x00007ffe436f0000 - 0x00007ffe43715000 	C:\WINDOWS\SYSTEM32\bcrypt.dll
0x00000000681f0000 - 0x0000000068201000 	C:\Program Files\Java\jre1.8.0_181\bin\nio.dll
0x00007ffe43630000 - 0x00007ffe43647000 	C:\WINDOWS\SYSTEM32\CRYPTSP.dll
0x00007ffe42d30000 - 0x00007ffe42d63000 	C:\WINDOWS\system32\rsaenh.dll
0x00007ffe43870000 - 0x00007ffe43898000 	C:\WINDOWS\SYSTEM32\USERENV.dll
0x00007ffe432a0000 - 0x00007ffe432ab000 	C:\WINDOWS\SYSTEM32\CRYPTBASE.dll
0x00007ffe3f760000 - 0x00007ffe3f776000 	C:\WINDOWS\SYSTEM32\dhcpcsvc6.DLL
0x00007ffe3f740000 - 0x00007ffe3f75a000 	C:\WINDOWS\SYSTEM32\dhcpcsvc.DLL
0x0000000068050000 - 0x00000000681e9000 	C:\Program Files\Java\jre1.8.0_181\bin\awt.dll
0x00007ffe46e00000 - 0x00007ffe46ec2000 	C:\WINDOWS\System32\OLEAUT32.dll
0x00007ffe41f40000 - 0x00007ffe41fcb000 	C:\WINDOWS\SYSTEM32\apphelp.dll
0x00007ffe41ff0000 - 0x00007ffe42088000 	C:\WINDOWS\system32\uxtheme.dll
0x00007ffe473e0000 - 0x00007ffe47555000 	C:\WINDOWS\System32\MSCTF.dll
0x00007ffe42410000 - 0x00007ffe42439000 	C:\WINDOWS\system32\dwmapi.dll
0x00007ffe46140000 - 0x00007ffe46291000 	C:\WINDOWS\System32\ole32.dll
0x0000000068000000 - 0x0000000068047000 	C:\Program Files\Java\jre1.8.0_181\bin\fontmanager.dll
0x00007ffe0b3b0000 - 0x00007ffe0b4d0000 	C:\WINDOWS\system32\opengl32.dll
0x00007ffe27490000 - 0x00007ffe274bc000 	C:\WINDOWS\SYSTEM32\GLU32.dll
0x00007ffe07380000 - 0x00007ffe07517000 	C:\WINDOWS\system32\d3d9.dll
0x00007ffe3b6c0000 - 0x00007ffe3b822000 	C:\WINDOWS\SYSTEM32\aticfx64.dll
0x00007ffe07350000 - 0x00007ffe07371000 	C:\WINDOWS\SYSTEM32\atiu9p64.dll
0x00007ffe056d0000 - 0x00007ffe05f2a000 	C:\WINDOWS\SYSTEM32\atiumd64.dll
0x0000000067740000 - 0x0000000067fc6000 	C:\WINDOWS\SYSTEM32\atiumd6a.dll
0x0000000066e40000 - 0x0000000066e82000 	C:\Program Files\Java\jre1.8.0_181\bin\t2k.dll
0x00007ffe471a0000 - 0x00007ffe47240000 	C:\WINDOWS\System32\clbcatq.dll
0x00007ffe3f4b0000 - 0x00007ffe3f65e000 	C:\WINDOWS\SYSTEM32\WindowsCodecs.dll
0x00007ffe1ed20000 - 0x00007ffe1ed78000 	C:\WINDOWS\system32\dataexchange.dll
0x00007ffe412e0000 - 0x00007ffe415eb000 	C:\WINDOWS\system32\d3d11.dll
0x00007ffe41620000 - 0x00007ffe417bc000 	C:\WINDOWS\system32\dcomp.dll
0x00007ffe426a0000 - 0x00007ffe4275b000 	C:\WINDOWS\system32\dxgi.dll
0x00007ffe42140000 - 0x00007ffe422f8000 	C:\WINDOWS\system32\twinapi.appcore.dll
0x00007ffe420b0000 - 0x00007ffe420d1000 	C:\WINDOWS\system32\RMCLIENT.dll
0x00007ffe3c400000 - 0x00007ffe3c498000 	C:\WINDOWS\System32\TextInputFramework.dll
0x00007ffe3e900000 - 0x00007ffe3ec1e000 	C:\WINDOWS\System32\CoreUIComponents.dll
0x00007ffe41bd0000 - 0x00007ffe41caa000 	C:\WINDOWS\System32\CoreMessaging.dll
0x00007ffe429f0000 - 0x00007ffe42a21000 	C:\WINDOWS\SYSTEM32\ntmarta.dll
0x00007ffe3de50000 - 0x00007ffe3df9d000 	C:\WINDOWS\SYSTEM32\wintypes.dll
0x0000000067fd0000 - 0x0000000067ffa000 	C:\Program Files\Java\jre1.8.0_181\bin\dcpr.dll
0x0000000068670000 - 0x0000000068694000 	C:\Program Files\Java\jre1.8.0_181\bin\sunec.dll
0x0000000068660000 - 0x000000006866b000 	C:\Program Files\Java\jre1.8.0_181\bin\sunmscapi.dll
0x00007ffe445c0000 - 0x00007ffe447a2000 	C:\WINDOWS\System32\CRYPT32.dll
0x00007ffe439f0000 - 0x00007ffe43a02000 	C:\WINDOWS\System32\MSASN1.dll

VM Arguments:
jvm_args: -Xms2G -Xmx2G 
java_command: server.jar
java_class_path (initial): server.jar
Launcher Type: SUN_STANDARD

Environment Variables:
PATH=C:\Program Files (x86)\Common Files\Oracle\Java\javapath;C:\Program Files\Docker\Docker\Resources\bin;C:\Program Files (x86)\NVIDIA Corporation\PhysX\Common;C:\Program Files\cURL;C:\Program Files\Common Files\Microsoft Shared\Windows Live;C:\Program Files (x86)\Common Files\Microsoft Shared\Windows Live;C:\ProgramData\Oracle\Java\javapath;C:\Program Files (x86)\Intel\iCLS Client\;C:\Program Files\Intel\iCLS Client\;C:\WINDOWS\system32;C:\WINDOWS;C:\WINDOWS\System32\Wbem;C:\WINDOWS\System32\WindowsPowerShell\v1.0\;C:\Program Files\Intel\Intel(R) Management Engine Components\DAL;C:\Program Files\Intel\Intel(R) Management Engine Components\IPT;C:\Program Files (x86)\Intel\Intel(R) Management Engine Components\DAL;C:\Program Files (x86)\Intel\Intel(R) Management Engine Components\IPT;C:\Program Files (x86)\Intel\OpenCL SDK\2.0\bin\x86;C:\Program Files (x86)\Intel\OpenCL SDK\2.0\bin\x64;C:\Program Files (x86)\QuickTime\QTSystem\;C:\Program Files (x86)\AMD\ATI.ACE\Core-Static;C:\WINDOWS\System32\Windows System Resource Manager\bin;C:\WINDOWS\idmu\common;C:\Program Files (x86)\ATI Technologies\ATI.ACE\Core-Static;C:\Program Files (x86)\Skype\Phone\;C:\WINDOWS\System32\OpenSSH\;C:\Program Files\Git\cmd;C:\Program Files (x86)\Nmap;C:\Users\daniel.reed\AppData\Local\Microsoft\WindowsApps;C:\Program Files (x86)\Nmap;C:\PATH\Maven\bin;
USERNAME=daniel.reed
OS=Windows_NT
PROCESSOR_IDENTIFIER=Intel64 Family 6 Model 42 Stepping 7, GenuineIntel



---------------  S Y S T E M  ---------------

OS: Windows 10.0 , 64 bit Build 17134 (10.0.17134.1)

CPU:total 8 (initial active 8) (4 cores per cpu, 2 threads per core) family 6 model 42 stepping 7, cmov, cx8, fxsr, mmx, sse, sse2, sse3, ssse3, sse4.1, sse4.2, popcnt, avx, aes, clmul, ht, tsc, tscinvbit

Memory: 4k page, physical 16753608k(7655536k free), swap 33530824k(23180420k free)

vm_info: Java HotSpot(TM) 64-Bit Server VM (25.181-b13) for windows-amd64 JRE (1.8.0_181-b13), built on Jul  7 2018 04:01:33 by "java_re" with MS VC++ 10.0 (VS2010)

time: Sun Aug 12 22:58:25 2018
elapsed time: 182256 seconds (2d 2h 37m 36s)

